[suite] daily-test (aarch64) - é•¿ç¨³æµ‹è¯•: å¹¶å‘ã€èµ„æºæŠ¢å 
[build] executing /home/runner/work/starry-test-harness/starry-test-harness/scripts/build_starry.sh for Daily Test
[build:starry] ----------------------------------------
[build:starry] StarryOS Source Info
[build:starry]   path   : /home/runner/work/starry-test-harness/starry-test-harness/.cache/StarryOS
[build:starry] Using existing StarryOS repo (pre-checked out by CI or previous run)
[build:starry] CI environment detected, skipping fetch (using pre-checked out code)
[build:starry]   commit : 89ef5889ece0867f11be76d662c0c3c4fe0c8a69
[build:starry] ----------------------------------------
[build:starry] StarryOS commit: 89ef5889ece0867f11be76d662c0c3c4fe0c8a69
[build:starry] Rust toolchain will follow /home/runner/work/starry-test-harness/starry-test-harness/.cache/StarryOS/rust-toolchain.toml (auto-managed by rustup)
[build:starry] Active toolchain: nightly-2025-12-12-x86_64-unknown-linux-gnu (overridden by environment variable RUSTUP_TOOLCHAIN)
[build:starry] Running cargo update in /home/runner/work/starry-test-harness/starry-test-harness/.cache/StarryOS
    Updating crates.io index
    Updating git repository `https://github.com/kylin-x-kernel/aarch64-pmuv3.git`
    Updating git repository `https://github.com/arceos-org/slab_allocator.git`
    Updating git repository `https://github.com/elliott10/fxmac_rs.git`
    Updating git repository `https://github.com/KuangjuX/ixgbe-driver.git`
    Updating git repository `https://github.com/lhw2002426/bcm2835-sdhci.git`
    Updating git repository `https://github.com/Starry-OS/simple-ahci.git`
    Updating git repository `https://github.com/Starry-OS/simple-sdmmc.git`
    Updating git repository `https://github.com/Starry-OS/rust-fatfs.git`
    Updating git repository `https://github.com/Starry-OS/lwext4_rust.git`
    Updating git repository `https://github.com/Starry-OS/smoltcp.git`
    Updating git repository `https://github.com/Starry-OS/kernel_elf_parser.git`
    Updating git repository `https://github.com/rcore-os/smoltcp.git`
     Locking 0 packages to latest compatible versions
note: pass `--verbose` to see 26 unchanged dependencies behind latest
[build:starry] Building StarryOS (ARCH=aarch64)
make[1]: Entering directory '/home/runner/work/starry-test-harness/starry-test-harness/.cache/StarryOS'
[37maxconfig-gen[0m [90mconfigs/defconfig.toml /home/runner/work/starry-test-harness/starry-test-harness/.cache/StarryOS/platforms/aarch64-qemu-virt/axconfig.toml  -w arch=aarch64 -w platform=aarch64-qemu-virt -o "/home/runner/work/starry-test-harness/starry-test-harness/.cache/StarryOS/.platconfig.toml" -w plat.phys-memory-size=1073741824 -c "/home/runner/work/starry-test-harness/starry-test-harness/.cache/StarryOS/.platconfig.toml"[0m
    [92;1mBuilding[0m App: xkernel, Arch: aarch64, Platform: aarch64-qemu-virt, App type: rust
[37mcargo -C /home/runner/work/starry-test-harness/starry-test-harness/.cache/StarryOS/entry build[0m [90m-Z unstable-options --target aarch64-unknown-none-softfloat --target-dir /home/runner/work/starry-test-harness/starry-test-harness/.cache/StarryOS/target --release  --features "axfeat/defplat axfeat/dwarf axfeat/smp"[0m
    Finished `release` profile [optimized] target(s) in 0.15s
warning: the following packages contain code that will be rejected by a future version of Rust: memchr v2.7.6
note: to see what the problems were, use the option `--future-incompat-report`, or run `cargo report future-incompatibilities --id 1`
[37m./scripts/make/dwarf.sh[0m [90m/home/runner/work/starry-test-harness/starry-test-harness/.cache/StarryOS/xkernel_aarch64-qemu-virt.elf rust-objcopy --binary-architecture=aarch64[0m
[37mrust-objcopy --binary-architecture=aarch64[0m [90m/home/runner/work/starry-test-harness/starry-test-harness/.cache/StarryOS/xkernel_aarch64-qemu-virt.elf --strip-all -O binary /home/runner/work/starry-test-harness/starry-test-harness/.cache/StarryOS/xkernel_aarch64-qemu-virt.bin[0m
make[1]: Leaving directory '/home/runner/work/starry-test-harness/starry-test-harness/.cache/StarryOS'
[build:starry] Ensuring rootfs template is available in /home/runner/work/starry-test-harness/starry-test-harness/.cache/rootfs
[build:starry] Rootfs template ready: /home/runner/work/starry-test-harness/starry-test-harness/.cache/rootfs/rootfs-aarch64.img
[build:starry] Copying build artifacts
[build:starry] StarryOS æ„å»ºå®Œæˆï¼Œäº§ç‰©ä½äº /home/runner/work/starry-test-harness/starry-test-harness/artifacts/daily
[case] starting concurrency-load-demo -> logs/daily/20260127-164110/cases/concurrency-load-demo.log
        Rust-based concurrency harness executed via orchestrator
[case] concurrency-load-demo finished in 14057 ms (exit Some(0))
[case] starting unixbench-dhry2reg-test -> logs/daily/20260127-164110/cases/unixbench-dhry2reg-test.log
        åœ¨ StarryOS ä¸­è¿è¡Œ UnixBench dhry2reg æµ‹è¯•
[case] unixbench-dhry2reg-test finished in 338361 ms (exit Some(0))
[case] starting unixbench-whetstone-double-test -> logs/daily/20260127-164110/cases/unixbench-whetstone-double-test.log
        åœ¨ StarryOS ä¸­è¿è¡Œ UnixBench whetstone-double æµ‹è¯•
[case] unixbench-whetstone-double-test finished in 369008 ms (exit Some(0))
[case] starting unixbench-syscall-test -> logs/daily/20260127-164110/cases/unixbench-syscall-test.log
        åœ¨ StarryOS ä¸­è¿è¡Œ UnixBench syscall æµ‹è¯•
[case] unixbench-syscall-test finished in 328620 ms (exit Some(0))
[case] starting unixbench-pipe-test -> logs/daily/20260127-164110/cases/unixbench-pipe-test.log
        åœ¨ StarryOS ä¸­è¿è¡Œ UnixBench pipe æµ‹è¯•
[case] unixbench-pipe-test finished in 330365 ms (exit Some(0))
[case] starting unixbench-context1-test -> logs/daily/20260127-164110/cases/unixbench-context1-test.log
        åœ¨ StarryOS ä¸­è¿è¡Œ UnixBench context1 æµ‹è¯•
[case] unixbench-context1-test finished in 327808 ms (exit Some(0))
[case] starting unixbench-spawn-test -> logs/daily/20260127-164110/cases/unixbench-spawn-test.log
        åœ¨ StarryOS ä¸­è¿è¡Œ UnixBench spawn æµ‹è¯•
[case] unixbench-spawn-test finished in 235920 ms (exit Some(0))
[case] starting unixbench-fstime-test -> logs/daily/20260127-164110/cases/unixbench-fstime-test.log
        åœ¨ StarryOS ä¸­è¿è¡Œ UnixBench fstime æµ‹è¯•
[case] unixbench-fstime-test finished in 853899 ms (exit Some(0))
[case] starting unixbench-fsbuffer-test -> logs/daily/20260127-164110/cases/unixbench-fsbuffer-test.log
        åœ¨ StarryOS ä¸­è¿è¡Œ UnixBench fsbuffer æµ‹è¯•
[case] unixbench-fsbuffer-test finished in 853796 ms (exit Some(0))
[case] starting unixbench-fsdisk-test -> logs/daily/20260127-164110/cases/unixbench-fsdisk-test.log
        åœ¨ StarryOS ä¸­è¿è¡Œ UnixBench fsdisk æµ‹è¯•
[case] unixbench-fsdisk-test finished in 914668 ms (exit Some(0))
[case] starting unixbench-execl-test -> logs/daily/20260127-164110/cases/unixbench-execl-test.log
        åœ¨ StarryOS ä¸­è¿è¡Œ UnixBench execl æµ‹è¯•
[case] unixbench-execl-test finished in 233199 ms (exit Some(0))
[case] starting unixbench-shell1-test -> logs/daily/20260127-164110/cases/unixbench-shell1-test.log
        åœ¨ StarryOS ä¸­è¿è¡Œ UnixBench shell1 æµ‹è¯•
[case] unixbench-shell1-test finished in 430225 ms (exit Some(0))
[case] starting unixbench-shell8-test -> logs/daily/20260127-164110/cases/unixbench-shell8-test.log
        åœ¨ StarryOS ä¸­è¿è¡Œ UnixBench shell8 æµ‹è¯•
[case] unixbench-shell8-test finished in 553001 ms (exit Some(0))
