[case] concurrency-load-demo
[case] command: /home/runner/work/starry-test-harness/starry-test-harness/tests/daily/run_case.sh concurrency_load 8 2000
[case] timeout budget: 1800s
[daily] installing Rust target aarch64-unknown-linux-musl
info: downloading component 'rust-std' for 'aarch64-unknown-linux-musl'
info: installing component 'rust-std' for 'aarch64-unknown-linux-musl'
[daily] building concurrency_load for aarch64-unknown-linux-musl
 Downloading crates ...
  Downloaded syn v2.0.110
   Compiling proc-macro2 v1.0.103
   Compiling unicode-ident v1.0.22
   Compiling quote v1.0.42
   Compiling serde_core v1.0.228
   Compiling serde v1.0.228
   Compiling serde_json v1.0.145
   Compiling memchr v2.7.6
   Compiling itoa v1.0.15
   Compiling ryu v1.0.20
   Compiling syn v2.0.110
   Compiling serde_derive v1.0.228
   Compiling concurrency_load v0.1.0 (/home/runner/work/starry-test-harness/starry-test-harness/tests/daily/cases/concurrency_load)
    Finished `release` profile [optimized] target(s) in 4.65s
[daily] rootfs template not found: /home/runner/work/starry-test-harness/starry-test-harness/.cache/StarryOS/rootfs-aarch64.img
[daily] run the build script first to download it
