[case] concurrency-load-demo
[case] command: /home/runner/work/starry-test-harness/starry-test-harness/tests/daily/run_case.sh concurrency_load 8 2000
[case] timeout budget: 1800s
debugfs:  cd /usr/tests
debugfs:  rm concurrency_load
debugfs:  <inux-musl/release/concurrency_load concurrency_load
Allocated inode: 24580
debugfs:  quit
[daily] stored result -> /home/runner/work/starry-test-harness/starry-test-harness/logs/daily/20260118-163522/artifacts/concurrency-load-demo/result.json
[daily] installing Rust target aarch64-unknown-linux-musl
info: downloading component 'rust-std' for 'aarch64-unknown-linux-musl'
info: installing component 'rust-std' for 'aarch64-unknown-linux-musl'
[daily] building concurrency_load for aarch64-unknown-linux-musl
    Updating crates.io index
 Downloading crates ...
  Downloaded itoa v1.0.15
  Downloaded ryu v1.0.20
  Downloaded proc-macro2 v1.0.103
  Downloaded serde_json v1.0.145
  Downloaded syn v2.0.110
   Compiling proc-macro2 v1.0.103
   Compiling unicode-ident v1.0.22
   Compiling quote v1.0.42
   Compiling serde_core v1.0.228
   Compiling serde_json v1.0.145
   Compiling serde v1.0.228
   Compiling memchr v2.7.6
   Compiling itoa v1.0.15
   Compiling ryu v1.0.20
   Compiling syn v2.0.110
   Compiling serde_derive v1.0.228
   Compiling concurrency_load v0.1.0 (/home/runner/work/starry-test-harness/starry-test-harness/tests/daily/cases/concurrency_load)
    Finished `release` profile [optimized] target(s) in 4.75s
[daily] creating fresh disk image from template
debugfs 1.47.0 (5-Feb-2023)
rm: File not found by ext2_lookup while trying to resolve filename
[daily] deployed binary to /usr/tests/concurrency_load
[daily] running inside StarryOS: /usr/tests/concurrency_load 8 2000
qemu-system-aarch64: -serial tcp::4444,server=on: info: QEMU waiting for connection on: disconnected:tcp:0.0.0.0:4444,server=on

       d8888                            .d88888b.   .d8888b.
      d88888                           d88P" "Y88b d88P  Y88b
     d88P888                           888     888 Y88b.
    d88P 888 888d888  .d8888b  .d88b.  888     888  "Y888b.
   d88P  888 888P"   d88P"    d8P  Y8b 888     888     "Y88b.
  d88P   888 888     888      88888888 888     888       "888
 d8888888888 888     Y88b.    Y8b.     Y88b. .d88P Y88b  d88P
d88P     888 888      "Y8888P  "Y8888   "Y88888P"   "Y8888P"

arch = aarch64
platform = aarch64-qemu-virt
target = aarch64-unknown-none-softfloat
build_mode = release
log_level = warn
backtrace = true
smp = 4

Boot at 2026-01-18 16:35:37.003170304 UTC

[37m[  1.197053 axnet:131] [33m  No vsock device found![m
[m[37m[  1.197973 axdisplay:26] [33m  No display device found![m
[mWelcome to [96m[1mStarry OS[0m!
SHLVL=1
HOME=/root
PWD=/

Use [1m[3mapk[0m to install packages.

starry:~# /usr/tests/concurrency_load 8 2000; echo __EXIT:$?__
{"status":"pass","workers":8,"iterations":2000,"duration_ms":46,"total_sum":16048000,"max_worker_latency_ms":6}
__EXIT:0__qemu-system-aarch64: terminating on signal 15 from pid 8589 (make)
make[1]: *** [Makefile:44: justrun] Terminated
