[suite] daily-test (aarch64) - é•¿ç¨³æµ‹è¯•: å¹¶å‘ã€èµ„æºæŠ¢å 
[build] executing /home/runner/work/starry-test-harness/starry-test-harness/scripts/build_starry.sh for Daily Test
[build:starry] Updating existing StarryOS repo at /home/runner/work/starry-test-harness/starry-test-harness/.cache/StarryOS
Already on 'main'
M	Cargo.lock
Your branch is up to date with 'origin/main'.
Synchronizing submodule url for 'arceos'
Synchronizing submodule url for 'local_crates/arm-gic'
Synchronizing submodule url for 'local_crates/axcpu'
Synchronizing submodule url for 'local_crates/axdriver_crates'
Synchronizing submodule url for 'local_crates/axplat-aarch64-crosvm-virt'
Synchronizing submodule url for 'local_crates/axplat_crates'
Synchronizing submodule url for 'local_crates/fdtree-rs'
Synchronizing submodule url for 'local_crates/kernel_guard'
Synchronizing submodule url for 'local_crates/page_table_multiarch'
[build:starry] StarryOS commit: 9f734418c45df46e9d64cebcbea2326828e59264
[build:starry] Rust toolchain will follow /home/runner/work/starry-test-harness/starry-test-harness/.cache/StarryOS/rust-toolchain.toml (auto-managed by rustup)
[build:starry] Active toolchain: nightly-2025-12-12-x86_64-unknown-linux-gnu (overridden by environment variable RUSTUP_TOOLCHAIN)
[build:starry] Running cargo update in /home/runner/work/starry-test-harness/starry-test-harness/.cache/StarryOS
warning: patch for the non root package will be ignored, specify patch at the workspace root:
package:   /home/runner/work/starry-test-harness/starry-test-harness/.cache/StarryOS/local_crates/axplat-aarch64-crosvm-virt/Cargo.toml
workspace: /home/runner/work/starry-test-harness/starry-test-harness/.cache/StarryOS/Cargo.toml
    Updating git repository `https://github.com/kylin-x-kernel/arm-gic.git`
    Updating git repository `https://github.com/kylin-x-kernel/axplat_crates.git`
    Updating git repository `https://github.com/kylin-x-kernel/kernel_guard`
    Updating git repository `https://github.com/arceos-org/percpu`
    Updating git repository `https://github.com/kylin-x-kernel/axcpu`
    Updating crates.io index
    Updating git repository `https://github.com/Starry-OS/starry-signal.git`
    Updating git repository `https://github.com/Starry-OS/syscalls.git`
    Updating git repository `https://github.com/arceos-org/axcpu.git`
    Updating git repository `https://github.com/Starry-OS/kernel_elf_parser.git`
    Updating git repository `https://github.com/Starry-OS/axplat-riscv64-visionfive2.git`
    Updating git repository `https://github.com/arceos-org/allocator.git`
    Updating git repository `https://github.com/kylin-x-kernel/axdriver_crates.git`
    Updating git repository `https://github.com/Starry-OS/smoltcp.git`
    Updating git repository `https://github.com/kylin-x-kernel/page_table_multiarch.git`
    Updating git repository `https://github.com/arceos-org/axplat_crates.git`
    Updating git repository `https://github.com/arceos-org/riscv_plic.git`
    Updating git repository `https://github.com/Starry-OS/lwext4_rust.git`
    Updating git repository `https://github.com/arceos-org/slab_allocator.git`
    Updating git repository `https://github.com/Starry-OS/simple-sdmmc.git`
     Locking 0 packages to latest compatible versions
note: pass `--verbose` to see 6 unchanged dependencies behind latest
[build:starry] Building StarryOS (ARCH=aarch64)
make[1]: Entering directory '/home/runner/work/starry-test-harness/starry-test-harness/.cache/StarryOS'
make[2]: Entering directory '/home/runner/work/starry-test-harness/starry-test-harness/.cache/StarryOS/arceos'
warning: patch for the non root package will be ignored, specify patch at the workspace root:
package:   /home/runner/work/starry-test-harness/starry-test-harness/.cache/StarryOS/local_crates/axplat-aarch64-crosvm-virt/Cargo.toml
workspace: /home/runner/work/starry-test-harness/starry-test-harness/.cache/StarryOS/Cargo.toml
[37maxconfig-gen[0m [90mconfigs/defconfig.toml /home/runner/.cargo/git/checkouts/axplat_crates-17ca098f05719b9f/e404649/platforms/axplat-aarch64-qemu-virt/axconfig.toml  -w arch=aarch64 -w platform=aarch64-qemu-virt -o "/home/runner/work/starry-test-harness/starry-test-harness/.cache/StarryOS/.axconfig.toml" -w plat.phys-memory-size=1073741824[0m
make[2]: Leaving directory '/home/runner/work/starry-test-harness/starry-test-harness/.cache/StarryOS/arceos'
make[2]: Entering directory '/home/runner/work/starry-test-harness/starry-test-harness/.cache/StarryOS/arceos'
warning: patch for the non root package will be ignored, specify patch at the workspace root:
package:   /home/runner/work/starry-test-harness/starry-test-harness/.cache/StarryOS/local_crates/axplat-aarch64-crosvm-virt/Cargo.toml
workspace: /home/runner/work/starry-test-harness/starry-test-harness/.cache/StarryOS/Cargo.toml
[37maxconfig-gen[0m [90mconfigs/defconfig.toml /home/runner/.cargo/git/checkouts/axplat_crates-17ca098f05719b9f/e404649/platforms/axplat-aarch64-qemu-virt/axconfig.toml  -w arch=aarch64 -w platform=aarch64-qemu-virt -o "/home/runner/work/starry-test-harness/starry-test-harness/.cache/StarryOS/.axconfig.toml" -w plat.phys-memory-size=1073741824 -c "/home/runner/work/starry-test-harness/starry-test-harness/.cache/StarryOS/.axconfig.toml"[0m
    [92;1mBuilding[0m App: StarryOS, Arch: aarch64, Platform: aarch64-qemu-virt, App type: rust
[37mcargo -C /home/runner/work/starry-test-harness/starry-test-harness/.cache/StarryOS build[0m [90m-Z unstable-options --target aarch64-unknown-none-softfloat --target-dir /home/runner/work/starry-test-harness/starry-test-harness/.cache/StarryOS/target --release  --features "axfeat/defplat axfeat/dwarf axfeat/smp qemu"[0m
warning: patch for the non root package will be ignored, specify patch at the workspace root:
package:   /home/runner/work/starry-test-harness/starry-test-harness/.cache/StarryOS/local_crates/axplat-aarch64-crosvm-virt/Cargo.toml
workspace: /home/runner/work/starry-test-harness/starry-test-harness/.cache/StarryOS/Cargo.toml
    Finished `release` profile [optimized] target(s) in 0.13s
warning: the following packages contain code that will be rejected by a future version of Rust: memchr v2.7.6
note: to see what the problems were, use the option `--future-incompat-report`, or run `cargo report future-incompatibilities --id 1`
[37m./scripts/make/dwarf.sh[0m [90m/home/runner/work/starry-test-harness/starry-test-harness/.cache/StarryOS/StarryOS_aarch64-qemu-virt.elf rust-objcopy --binary-architecture=aarch64[0m
[37mrust-objcopy --binary-architecture=aarch64[0m [90m/home/runner/work/starry-test-harness/starry-test-harness/.cache/StarryOS/StarryOS_aarch64-qemu-virt.elf --strip-all -O binary /home/runner/work/starry-test-harness/starry-test-harness/.cache/StarryOS/StarryOS_aarch64-qemu-virt.bin[0m
make[2]: Leaving directory '/home/runner/work/starry-test-harness/starry-test-harness/.cache/StarryOS/arceos'
make[1]: Leaving directory '/home/runner/work/starry-test-harness/starry-test-harness/.cache/StarryOS'
[build:starry] Ensuring rootfs template is available in /home/runner/work/starry-test-harness/starry-test-harness/.cache/rootfs
[build:starry] Rootfs template ready: /home/runner/work/starry-test-harness/starry-test-harness/.cache/rootfs/rootfs-aarch64.img
[build:starry] Copying build artifacts
[build:starry]   -> StarryOS_aarch64-qemu-virt.bin
[build:starry]   -> StarryOS_aarch64-qemu-virt.elf
[build:starry] StarryOS æ„å»ºå®Œæˆï¼Œäº§ç‰©ä½äº /home/runner/work/starry-test-harness/starry-test-harness/artifacts/daily
[case] starting concurrency-load-demo -> logs/daily/20260115-012745/cases/concurrency-load-demo.log
        Rust-based concurrency harness executed via orchestrator
[case] concurrency-load-demo finished in 16495 ms (exit Some(0))
[case] starting unixbench-dhry2reg-test -> logs/daily/20260115-012745/cases/unixbench-dhry2reg-test.log
        åœ¨ StarryOS ä¸­è¿è¡Œ UnixBench dhry2reg æµ‹è¯•
[case] unixbench-dhry2reg-test finished in 336134 ms (exit Some(0))
[case] starting unixbench-whetstone-double-test -> logs/daily/20260115-012745/cases/unixbench-whetstone-double-test.log
        åœ¨ StarryOS ä¸­è¿è¡Œ UnixBench whetstone-double æµ‹è¯•
[case] unixbench-whetstone-double-test finished in 369124 ms (exit Some(0))
[case] starting unixbench-syscall-test -> logs/daily/20260115-012745/cases/unixbench-syscall-test.log
        åœ¨ StarryOS ä¸­è¿è¡Œ UnixBench syscall æµ‹è¯•
[case] unixbench-syscall-test finished in 330126 ms (exit Some(0))
[case] starting unixbench-pipe-test -> logs/daily/20260115-012745/cases/unixbench-pipe-test.log
        åœ¨ StarryOS ä¸­è¿è¡Œ UnixBench pipe æµ‹è¯•
[case] unixbench-pipe-test finished in 329769 ms (exit Some(0))
[case] starting unixbench-context1-test -> logs/daily/20260115-012745/cases/unixbench-context1-test.log
        åœ¨ StarryOS ä¸­è¿è¡Œ UnixBench context1 æµ‹è¯•
[case] unixbench-context1-test finished in 328649 ms (exit Some(0))
[case] starting unixbench-spawn-test -> logs/daily/20260115-012745/cases/unixbench-spawn-test.log
        åœ¨ StarryOS ä¸­è¿è¡Œ UnixBench spawn æµ‹è¯•
[case] unixbench-spawn-test finished in 234340 ms (exit Some(0))
[case] starting unixbench-fstime-test -> logs/daily/20260115-012745/cases/unixbench-fstime-test.log
        åœ¨ StarryOS ä¸­è¿è¡Œ UnixBench fstime æµ‹è¯•
[case] unixbench-fstime-test finished in 858342 ms (exit Some(0))
[case] starting unixbench-fsbuffer-test -> logs/daily/20260115-012745/cases/unixbench-fsbuffer-test.log
        åœ¨ StarryOS ä¸­è¿è¡Œ UnixBench fsbuffer æµ‹è¯•
[case] unixbench-fsbuffer-test finished in 849033 ms (exit Some(0))
[case] starting unixbench-fsdisk-test -> logs/daily/20260115-012745/cases/unixbench-fsdisk-test.log
        åœ¨ StarryOS ä¸­è¿è¡Œ UnixBench fsdisk æµ‹è¯•
[case] unixbench-fsdisk-test finished in 923125 ms (exit Some(0))
[case] starting unixbench-execl-test -> logs/daily/20260115-012745/cases/unixbench-execl-test.log
        åœ¨ StarryOS ä¸­è¿è¡Œ UnixBench execl æµ‹è¯•
[case] unixbench-execl-test finished in 234424 ms (exit Some(0))
[case] starting unixbench-shell1-test -> logs/daily/20260115-012745/cases/unixbench-shell1-test.log
        åœ¨ StarryOS ä¸­è¿è¡Œ UnixBench shell1 æµ‹è¯•
[case] unixbench-shell1-test finished in 432727 ms (exit Some(0))
[case] starting unixbench-shell8-test -> logs/daily/20260115-012745/cases/unixbench-shell8-test.log
        åœ¨ StarryOS ä¸­è¿è¡Œ UnixBench shell8 æµ‹è¯•
[case] unixbench-shell8-test finished in 595387 ms (exit Some(0))
