[case] concurrency-load-demo
[case] command: /home/runner/work/starry-test-harness/starry-test-harness/tests/daily/run_case.sh concurrency_load 8 2000
[case] timeout budget: 1800s
debugfs:  cd /usr/tests
debugfs:  rm concurrency_load
debugfs:  <inux-musl/release/concurrency_load concurrency_load
Allocated inode: 24580
debugfs:  quit
[daily] stored result -> /home/runner/work/starry-test-harness/starry-test-harness/logs/daily/20260130-011832/artifacts/concurrency-load-demo/result.json
[daily] installing Rust target aarch64-unknown-linux-musl
info: downloading component 'rust-std' for 'aarch64-unknown-linux-musl'
info: installing component 'rust-std' for 'aarch64-unknown-linux-musl'
[daily] building concurrency_load for aarch64-unknown-linux-musl
    Updating crates.io index
 Downloading crates ...
  Downloaded ryu v1.0.20
  Downloaded proc-macro2 v1.0.103
  Downloaded itoa v1.0.15
  Downloaded serde_json v1.0.145
  Downloaded syn v2.0.110
   Compiling proc-macro2 v1.0.103
   Compiling unicode-ident v1.0.22
   Compiling quote v1.0.42
   Compiling serde_core v1.0.228
   Compiling serde_json v1.0.145
   Compiling serde v1.0.228
   Compiling itoa v1.0.15
   Compiling memchr v2.7.6
   Compiling ryu v1.0.20
   Compiling syn v2.0.110
   Compiling serde_derive v1.0.228
   Compiling concurrency_load v0.1.0 (/home/runner/work/starry-test-harness/starry-test-harness/tests/daily/cases/concurrency_load)
    Finished `release` profile [optimized] target(s) in 4.99s
[daily] creating fresh disk image from template
debugfs 1.47.0 (5-Feb-2023)
rm: File not found by ext2_lookup while trying to resolve filename
[daily] deployed binary to /usr/tests/concurrency_load
[daily] running inside StarryOS: /usr/tests/concurrency_load 8 2000
qemu-system-aarch64: -serial tcp::4444,server=on: info: QEMU waiting for connection on: disconnected:tcp:0.0.0.0:4444,server=on

                 ++
             *  ***
           *******
         *******++
      ********+===
    ******#*+======
   *******#***++===
   *********+**===
  ##*********##==                  ====+
%##****++==+****#                ***+=**
#****++=====++****##            ********
####*+=======+******===-     ***#*##****
 #%#******+**+==++**=======+*+*#%
 %#****+******=====+====+++==**
  #*********##***###********##%
   ***##%#%%%%*****#*###*****#%
   *#%%%#%%%%%****   %%*******#%
   #%%%%%%          %%%##***###%%
    **#%           %%%%#% **#**##
   ###%%         %%%%%   %%%***
 %%%%%%        %%%%%%%  %%%%#*
 %%%%%%                %%%%%%+=

arch = aarch64
platform = aarch64-qemu-virt
target = aarch64-unknown-none-softfloat
build_mode = release
log_level = warn
backtrace = true
smp = 4

Boot at 2026-01-30 01:18:46.002841184 UTC

[37m[  0.943705 knet:129] [33m  No vsock device found![m
[m[37m[  0.944462 fbdevice:20] [33m  No framebuffer device found![m
[m[37m[  0.974311 0:2 unittest::test_framework:238] [33m--------------------------------[m
[m[37m[  0.974736 0:2 unittest::test_framework:238] [33mStarting unit tests [TEST_SUITE]...[m
[m[37m[  0.975069 0:2 unittest::test_framework:238] [33m  Running test: test_add_two_numbers[m
[m[37m[  0.975366 0:2 unittest::test_framework:238] [33m    Test test_add_two_numbers ... OK[m
[m[37m[  0.975584 0:2 unittest::test_framework:238] [33m  Running test: test_string_compare[m
[m[37m[  0.975824 0:2 unittest::test_framework:238] [33m    Test test_string_compare ... OK[m
[m[37m[  0.976019 0:2 unittest::test_framework:238] [33m  Running test: test_boolean_condition[m
[m[37m[  0.976243 0:2 unittest::test_framework:238] [33m    Test test_boolean_condition ... OK[m
[m[37m[  0.976462 0:2 unittest::test_framework:238] [33m  Running test: test_should_fail[m
[m[37m[  0.976661 0:2 unittest::test_framework:238] [33m    Test test_should_fail ... OK[m
[m[37m[  0.976856 0:2 unittest::test_framework:238] [33m  Running test: test_another_failure[m
[m[37m[  0.977071 0:2 unittest::test_framework:238] [33m    Test test_another_failure ... OK[m
[m[37m[  0.977361 0:2 unittest::test_framework:238] [33m  >>> Test results: 5 passed, 0 failed, 0 ignored, 5 total[m
[m[37m[  0.977647 0:2 unittest::test_framework:238] [33m  >>> This tests PASSED![m
[m[37m[  0.977902 0:2 unittest::test_examples:75] [33mFinal Test Stats: total=5, passed=5, failed=0, ignored=0[m
[mWelcome to [96m[1mKylin X[0m!
SHLVL=1
HOME=/root
PWD=/

Use [1m[3mapk[0m to install packages.

kylin-x:~# /usr/tests/concurrency_load 8 2000; echo __EXIT:$?__
{"status":"pass","workers":8,"iterations":2000,"duration_ms":52,"total_sum":16048000,"max_worker_latency_ms":0}
__EXIT:0__
qemu-system-aarch64: terminating on signal 15 from pid 8577 (make)
