warning: profiles for the non root package will be ignored, specify profiles at the workspace root:
package:   /home/runner/work/starry-test-harness/starry-test-harness/.cache/X-Kernel/xtask/xconfig/Cargo.toml
workspace: /home/runner/work/starry-test-harness/starry-test-harness/.cache/X-Kernel/Cargo.toml
warning: profiles for the non root package will be ignored, specify profiles at the workspace root:
package:   /home/runner/work/starry-test-harness/starry-test-harness/.cache/X-Kernel/xtask/xconfig/Cargo.toml
workspace: /home/runner/work/starry-test-harness/starry-test-harness/.cache/X-Kernel/Cargo.toml
  Installing xconfig v0.1.0 (/home/runner/work/starry-test-harness/starry-test-harness/.cache/X-Kernel/xtask/xconfig)
    Updating crates.io index
     Locking 89 packages to latest compatible versions
      Adding crossterm v0.27.0 (available: v0.29.0)
      Adding ratatui v0.26.3 (available: v0.30.0)
      Adding thiserror v1.0.69 (available: v2.0.18)
   Compiling proc-macro2 v1.0.106
   Compiling quote v1.0.44
   Compiling syn v2.0.117
   Compiling strum_macros v0.26.4
   Compiling clap_derive v4.5.55
   Compiling stability v0.2.1
   Compiling thiserror-impl v1.0.69
   Compiling serde_derive v1.0.228
   Compiling thiserror v1.0.69
   Compiling strum v0.26.3
   Compiling ratatui v0.26.3
   Compiling clap v4.5.60
   Compiling serde v1.0.228
   Compiling xconfig v0.1.0 (/home/runner/work/starry-test-harness/starry-test-harness/.cache/X-Kernel/xtask/xconfig)
    Finished `release` profile [optimized] target(s) in 11.69s
   Replacing /home/runner/.cargo/bin/xconf
    Replaced package `xconfig v0.1.0 (/home/runner/work/starry-test-harness/starry-test-harness/.cache/X-Kernel/xtask/xconfig)` with `xconfig v0.1.0 (/home/runner/work/starry-test-harness/starry-test-harness/.cache/X-Kernel/xtask/xconfig)` (executable `xconf`)
warning: profiles for the non root package will be ignored, specify profiles at the workspace root:
package:   /home/runner/work/starry-test-harness/starry-test-harness/.cache/X-Kernel/xtask/xconfig/Cargo.toml
workspace: /home/runner/work/starry-test-harness/starry-test-harness/.cache/X-Kernel/Cargo.toml
warning: profiles for the non root package will be ignored, specify profiles at the workspace root:
package:   /home/runner/work/starry-test-harness/starry-test-harness/.cache/X-Kernel/xtask/xconfig/Cargo.toml
workspace: /home/runner/work/starry-test-harness/starry-test-harness/.cache/X-Kernel/Cargo.toml
warning: profiles for the non root package will be ignored, specify profiles at the workspace root:
package:   /home/runner/work/starry-test-harness/starry-test-harness/.cache/X-Kernel/xtask/xconfig/Cargo.toml
workspace: /home/runner/work/starry-test-harness/starry-test-harness/.cache/X-Kernel/Cargo.toml
  Installing xconfig v0.1.0 (/home/runner/work/starry-test-harness/starry-test-harness/.cache/X-Kernel/xtask/xconfig)
    Updating crates.io index
     Locking 89 packages to latest compatible versions
      Adding crossterm v0.27.0 (available: v0.29.0)
      Adding ratatui v0.26.3 (available: v0.30.0)
      Adding thiserror v1.0.69 (available: v2.0.18)
    Finished `release` profile [optimized] target(s) in 0.22s
   Replacing /home/runner/.cargo/bin/xconf
    Replaced package `xconfig v0.1.0 (/home/runner/work/starry-test-harness/starry-test-harness/.cache/X-Kernel/xtask/xconfig)` with `xconfig v0.1.0 (/home/runner/work/starry-test-harness/starry-test-harness/.cache/X-Kernel/xtask/xconfig)` (executable `xconf`)
warning: profiles for the non root package will be ignored, specify profiles at the workspace root:
package:   /home/runner/work/starry-test-harness/starry-test-harness/.cache/X-Kernel/xtask/xconfig/Cargo.toml
workspace: /home/runner/work/starry-test-harness/starry-test-harness/.cache/X-Kernel/Cargo.toml
qemu-system-aarch64: -serial tcp::4444,server=on: info: QEMU waiting for connection on: disconnected:tcp:0.0.0.0:4444,server=on

                 ++
             *  ***
           *******
         *******++
      ********+===
    ******#*+======
   *******#***++===
   *********+**===
  ##*********##==                  ====+
%##****++==+****#                ***+=**
#****++=====++****##            ********
####*+=======+******===-     ***#*##****
 #%#******+**+==++**=======+*+*#%
 %#****+******=====+====+++==**
  #*********##***###********##%
   ***##%#%%%%*****#*###*****#%
   *#%%%#%%%%%****   %%*******#%
   #%%%%%%          %%%##***###%%
    **#%           %%%%#% **#**##
   ###%%         %%%%%   %%%***
 %%%%%%        %%%%%%%  %%%%#*
 %%%%%%                %%%%%%+=

arch = aarch64
platform = aarch64-qemu-virt
target = aarch64-unknown-none-softfloat
build_mode = release
log_level = warn
backtrace = true
smp = 4

Boot at 2026-03-03 17:03:11.004159728 UTC

[37m[  1.601399 knet:138] [33m  No vsock device found![m
[m[37m[  1.602337 fbdevice:26] [33m  No framebuffer device found![m
[mWelcome to [96m[1mKylin X[0m!
SHLVL=1
HOME=/root
PWD=/

Use [1m[3mapk[0m to install packages.

kylin-x:~# [6n/usr/tests/concurrency_load 8 2000; echo __EXIT:$?__
{"status":"pass","workers":8,"iterations":2000,"duration_ms":21,"total_sum":16048000,"max_worker_latency_ms":1}
__EXIT:0__qemu-system-aarch64: terminating on signal 15 from pid 14093 (make)
