qemu-system-aarch64: -serial tcp::4444,server=on: info: QEMU waiting for connection on: disconnected:tcp:0.0.0.0:4444,server=on

                 ++
             *  ***
           *******
         *******++
      ********+===
    ******#*+======
   *******#***++===
   *********+**===
  ##*********##==                  ====+
%##****++==+****#                ***+=**
#****++=====++****##            ********
####*+=======+******===-     ***#*##****
 #%#******+**+==++**=======+*+*#%
 %#****+******=====+====+++==**
  #*********##***###********##%
   ***##%#%%%%*****#*###*****#%
   *#%%%#%%%%%****   %%*******#%
   #%%%%%%          %%%##***###%%
    **#%           %%%%#% **#**##
   ###%%         %%%%%   %%%***
 %%%%%%        %%%%%%%  %%%%#*
 %%%%%%                %%%%%%+=

arch = aarch64
platform = aarch64-qemu-virt
target = aarch64-unknown-none-softfloat
build_mode = release
log_level = warn
backtrace = true
smp = 4

Boot at 2026-01-30 02:16:55.003673712 UTC

[37m[  1.044831 knet:129] [33m  No vsock device found![m
[m[37m[  1.045716 fbdevice:20] [33m  No framebuffer device found![m
[m[37m[  1.079330 0:2 unittest::test_framework:238] [33m--------------------------------[m
[m[37m[  1.079806 0:2 unittest::test_framework:238] [33mStarting unit tests [TEST_SUITE]...[m
[m[37m[  1.080271 0:2 unittest::test_framework:238] [33m  Running test: test_add_two_numbers[m
[m[37m[  1.080697 0:2 unittest::test_framework:238] [33m    Test test_add_two_numbers ... OK[m
[m[37m[  1.081036 0:2 unittest::test_framework:238] [33m  Running test: test_string_compare[m
[m[37m[  1.081377 0:2 unittest::test_framework:238] [33m    Test test_string_compare ... OK[m
[m[37m[  1.081700 0:2 unittest::test_framework:238] [33m  Running test: test_boolean_condition[m
[m[37m[  1.082013 0:2 unittest::test_framework:238] [33m    Test test_boolean_condition ... OK[m
[m[37m[  1.082383 0:2 unittest::test_framework:238] [33m  Running test: test_should_fail[m
[m[37m[  1.082706 0:2 unittest::test_framework:238] [33m    Test test_should_fail ... OK[m
[m[37m[  1.083000 0:2 unittest::test_framework:238] [33m  Running test: test_another_failure[m
[m[37m[  1.083324 0:2 unittest::test_framework:238] [33m    Test test_another_failure ... OK[m
[m[37m[  1.083729 0:2 unittest::test_framework:238] [33m  >>> Test results: 5 passed, 0 failed, 0 ignored, 5 total[m
[m[37m[  1.084181 0:2 unittest::test_framework:238] [33m  >>> This tests PASSED![m
[m[37m[  1.084542 0:2 unittest::test_examples:75] [33mFinal Test Stats: total=5, passed=5, failed=0, ignored=0[m
[mWelcome to [96m[1mKylin X[0m!
SHLVL=1
HOME=/root
PWD=/

Use [1m[3mapk[0m to install packages.

kylin-x:~# [6n/usr/tests/concurrency_load 8 2000; echo __EXIT:$?__
{"status":"pass","workers":8,"iterations":2000,"duration_ms":52,"total_sum":16048000,"max_worker_latency_ms":2}
__EXIT:0__qemu-system-aarch64: terminating on signal 15 from pid 8572 (make)
