qemu-system-aarch64: -serial tcp::4444,server=on: info: QEMU waiting for connection on: disconnected:tcp:0.0.0.0:4444,server=on

                 ++
             *  ***
           *******
         *******++
      ********+===
    ******#*+======
   *******#***++===
   *********+**===
  ##*********##==                  ====+
%##****++==+****#                ***+=**
#****++=====++****##            ********
####*+=======+******===-     ***#*##****
 #%#******+**+==++**=======+*+*#%
 %#****+******=====+====+++==**
  #*********##***###********##%
   ***##%#%%%%*****#*###*****#%
   *#%%%#%%%%%****   %%*******#%
   #%%%%%%          %%%##***###%%
    **#%           %%%%#% **#**##
   ###%%         %%%%%   %%%***
 %%%%%%        %%%%%%%  %%%%#*
 %%%%%%                %%%%%%+=

arch = aarch64
platform = aarch64-qemu-virt
target = aarch64-unknown-none-softfloat
build_mode = release
log_level = warn
backtrace = true
smp = 4

Boot at 2026-02-15 16:42:27.004471920 UTC

[37m[  1.123196 knet:138] [33m  No vsock device found![m
[m[37m[  1.124238 fbdevice:26] [33m  No framebuffer device found![m
[mWelcome to [96m[1mKylin X[0m!
SHLVL=1
HOME=/root
PWD=/

Use [1m[3mapk[0m to install packages.

kylin-x:~# [6n/usr/tests/concurrency_load 8 2000; echo __EXIT:$?__
qemu-system-aarch64: terminating on signal 15 from pid 10565 (make)
