[suite] daily-test (aarch64) - 长稳测试: 并发、资源抢占
[build] executing /home/runner/work/starry-test-harness/starry-test-harness/scripts/build_xkernel.sh for Daily Test
[build:starry] ----------------------------------------
[build:starry] X-Kernel Source: /home/runner/work/starry-test-harness/starry-test-harness/.cache/X-Kernel
[build:starry]   commit : 0a45e845216c70518763b4643d9c9518882fc6ce
[build:starry] ----------------------------------------
[build:starry] X-Kernel commit: 0a45e845216c70518763b4643d9c9518882fc6ce
[build:starry] Ensuring rootfs template is available in /home/runner/work/starry-test-harness/starry-test-harness/.cache/rootfs
[build:starry] Rootfs template ready: /home/runner/work/starry-test-harness/starry-test-harness/.cache/rootfs/rootfs-aarch64.img
[build:starry] Patching uname for UnixBench compatibility: /home/runner/work/starry-test-harness/starry-test-harness/.cache/X-Kernel/api/kapi/src/syscall/sys.rs
[build:starry] Rust toolchain will follow /home/runner/work/starry-test-harness/starry-test-harness/.cache/X-Kernel/rust-toolchain.toml (auto-managed by rustup)
[build:starry] Active toolchain: 1.90-x86_64-unknown-linux-gnu (overridden by environment variable RUSTUP_TOOLCHAIN)
[build:starry] Running cargo update in /home/runner/work/starry-test-harness/starry-test-harness/.cache/X-Kernel
    Updating crates.io index
     Locking 0 packages to latest compatible versions
note: pass `--verbose` to see 32 unchanged dependencies behind latest
[build:starry] Building X-Kernel (ARCH=aarch64)
[build:starry] Refreshing defconfig for ARCH=aarch64
make[1]: Entering directory '/home/runner/work/starry-test-harness/starry-test-harness/.cache/X-Kernel'
[37mkconfig-gen[0m [90mconfigs/defconfig.toml /home/runner/work/starry-test-harness/starry-test-harness/.cache/X-Kernel/platforms/aarch64-qemu-virt/platconfig.toml  -w arch=aarch64 -w platform=aarch64-qemu-virt -o "/home/runner/work/starry-test-harness/starry-test-harness/.cache/X-Kernel/.platconfig.toml" -w plat.phys-memory-size=1073741824[0m
make[1]: Leaving directory '/home/runner/work/starry-test-harness/starry-test-harness/.cache/X-Kernel'
make[1]: Entering directory '/home/runner/work/starry-test-harness/starry-test-harness/.cache/X-Kernel'
[37mkconfig-gen[0m [90mconfigs/defconfig.toml /home/runner/work/starry-test-harness/starry-test-harness/.cache/X-Kernel/platforms/aarch64-qemu-virt/platconfig.toml  -w arch=aarch64 -w platform=aarch64-qemu-virt -o "/home/runner/work/starry-test-harness/starry-test-harness/.cache/X-Kernel/.platconfig.toml" -w plat.phys-memory-size=1073741824 -c "/home/runner/work/starry-test-harness/starry-test-harness/.cache/X-Kernel/.platconfig.toml"[0m
    [92;1mBuilding[0m App: xkernel, Arch: aarch64, Platform: aarch64-qemu-virt
[37mcargo -C /home/runner/work/starry-test-harness/starry-test-harness/.cache/X-Kernel/entry build[0m [90m-Z unstable-options --target aarch64-unknown-none-softfloat --target-dir /home/runner/work/starry-test-harness/starry-test-harness/.cache/X-Kernel/target --release  --features "kfeat/dwarf aarch64_qemu_virt"[0m
   Compiling lwext4_rust v0.3.1-preview.1
   Compiling mbedtls-smx v0.13.5
   Compiling kfs v0.1.0 (/home/runner/work/starry-test-harness/starry-test-harness/.cache/X-Kernel/fs/kfs)
   Compiling knet v0.1.0 (/home/runner/work/starry-test-harness/starry-test-harness/.cache/X-Kernel/net/knet)
   Compiling memspace v0.1.0 (/home/runner/work/starry-test-harness/starry-test-harness/.cache/X-Kernel/mm/memspace)
   Compiling kruntime v0.1.0 (/home/runner/work/starry-test-harness/starry-test-harness/.cache/X-Kernel/init/kruntime)
   Compiling kfeat v0.1.0 (/home/runner/work/starry-test-harness/starry-test-harness/.cache/X-Kernel/api/kfeat)
   Compiling kcore v0.1.0 (/home/runner/work/starry-test-harness/starry-test-harness/.cache/X-Kernel/api/kcore)
   Compiling kapi v0.1.0 (/home/runner/work/starry-test-harness/starry-test-harness/.cache/X-Kernel/api/kapi)
   Compiling entry v0.1.0 (/home/runner/work/starry-test-harness/starry-test-harness/.cache/X-Kernel/entry)
    Finished `release` profile [optimized] target(s) in 26.67s
warning: the following packages contain code that will be rejected by a future version of Rust: memchr v2.8.0
note: to see what the problems were, use the option `--future-incompat-report`, or run `cargo report future-incompatibilities --id 1`
[37m./scripts/make/dwarf.sh[0m [90m/home/runner/work/starry-test-harness/starry-test-harness/.cache/X-Kernel/xkernel_aarch64-qemu-virt.elf rust-objcopy --binary-architecture=aarch64[0m
[37mrust-objcopy --binary-architecture=aarch64[0m [90m/home/runner/work/starry-test-harness/starry-test-harness/.cache/X-Kernel/xkernel_aarch64-qemu-virt.elf --strip-all -O binary /home/runner/work/starry-test-harness/starry-test-harness/.cache/X-Kernel/xkernel_aarch64-qemu-virt.bin[0m
make[1]: Leaving directory '/home/runner/work/starry-test-harness/starry-test-harness/.cache/X-Kernel'
[build:starry] Copying build artifacts
[build:starry] X-Kernel 构建完成，产物位于 /home/runner/work/starry-test-harness/starry-test-harness/artifacts/daily
[case] starting concurrency-load-demo -> logs/daily/20260211-171448/cases/concurrency-load-demo.log
        Rust-based concurrency harness executed via orchestrator
[case] concurrency-load-demo finished in 14419 ms (exit Some(0))
[case] starting unixbench-dhry2reg-test -> logs/daily/20260211-171448/cases/unixbench-dhry2reg-test.log
        在 X-Kernel 中运行 UnixBench dhry2reg 测试
[case] unixbench-dhry2reg-test finished in 340543 ms (exit Some(0))
[case] starting unixbench-whetstone-double-test -> logs/daily/20260211-171448/cases/unixbench-whetstone-double-test.log
        在 X-Kernel 中运行 UnixBench whetstone-double 测试
[case] unixbench-whetstone-double-test finished in 371419 ms (exit Some(0))
[case] starting unixbench-syscall-test -> logs/daily/20260211-171448/cases/unixbench-syscall-test.log
        在 X-Kernel 中运行 UnixBench syscall 测试
[case] unixbench-syscall-test finished in 332346 ms (exit Some(0))
[case] starting unixbench-pipe-test -> logs/daily/20260211-171448/cases/unixbench-pipe-test.log
        在 X-Kernel 中运行 UnixBench pipe 测试
[case] unixbench-pipe-test finished in 332227 ms (exit Some(0))
[case] starting unixbench-context1-test -> logs/daily/20260211-171448/cases/unixbench-context1-test.log
        在 X-Kernel 中运行 UnixBench context1 测试
[case] unixbench-context1-test finished in 330239 ms (exit Some(0))
[case] starting unixbench-spawn-test -> logs/daily/20260211-171448/cases/unixbench-spawn-test.log
        在 X-Kernel 中运行 UnixBench spawn 测试
[case] unixbench-spawn-test finished in 236428 ms (exit Some(0))
[case] starting unixbench-fstime-test -> logs/daily/20260211-171448/cases/unixbench-fstime-test.log
        在 X-Kernel 中运行 UnixBench fstime 测试
[case] unixbench-fstime-test finished in 865988 ms (exit Some(0))
[case] starting unixbench-fsbuffer-test -> logs/daily/20260211-171448/cases/unixbench-fsbuffer-test.log
        在 X-Kernel 中运行 UnixBench fsbuffer 测试
[case] unixbench-fsbuffer-test finished in 863279 ms (exit Some(0))
[case] starting unixbench-fsdisk-test -> logs/daily/20260211-171448/cases/unixbench-fsdisk-test.log
        在 X-Kernel 中运行 UnixBench fsdisk 测试
[case] unixbench-fsdisk-test finished in 946012 ms (exit Some(0))
[case] starting unixbench-execl-test -> logs/daily/20260211-171448/cases/unixbench-execl-test.log
        在 X-Kernel 中运行 UnixBench execl 测试
[case] unixbench-execl-test finished in 235443 ms (exit Some(0))
[case] starting unixbench-shell1-test -> logs/daily/20260211-171448/cases/unixbench-shell1-test.log
        在 X-Kernel 中运行 UnixBench shell1 测试
[case] unixbench-shell1-test finished in 429239 ms (exit Some(0))
[case] starting unixbench-shell8-test -> logs/daily/20260211-171448/cases/unixbench-shell8-test.log
        在 X-Kernel 中运行 UnixBench shell8 测试
[case] unixbench-shell8-test finished in 562501 ms (exit Some(0))
