[suite] daily-test (aarch64) - é•¿ç¨³æµ‹è¯•: å¹¶å‘ã€èµ„æºæŠ¢å 
[build] executing /home/runner/work/starry-test-harness/starry-test-harness/scripts/build_starry.sh for Daily Test
[build:starry] Cloning StarryOS from https://github.com/kylin-x-kernel/StarryOS.git
Cloning into '/home/runner/work/starry-test-harness/starry-test-harness/.cache/StarryOS'...
Submodule 'arceos' (https://github.com/kylin-x-kernel/arceos.git) registered for path 'arceos'
Submodule 'local_crates/arm-gic' (https://github.com/kylin-x-kernel/arm-gic.git) registered for path 'local_crates/arm-gic'
Submodule 'local_crates/axdriver_crates' (https://github.com/kylin-x-kernel/axdriver_crates.git) registered for path 'local_crates/axdriver_crates'
Submodule 'local_crates/axplat-aarch64-crosvm-virt' (https://github.com/kylin-x-kernel/axplat-aarch64-crosvm-virt.git) registered for path 'local_crates/axplat-aarch64-crosvm-virt'
Submodule 'local_crates/axplat_crates' (https://github.com/kylin-x-kernel/axplat_crates.git) registered for path 'local_crates/axplat_crates'
Submodule 'local_crates/fdtree-rs' (https://github.com/kylin-x-kernel/fdtree-rs.git) registered for path 'local_crates/fdtree-rs'
Cloning into '/home/runner/work/starry-test-harness/starry-test-harness/.cache/StarryOS/arceos'...
Cloning into '/home/runner/work/starry-test-harness/starry-test-harness/.cache/StarryOS/local_crates/arm-gic'...
Cloning into '/home/runner/work/starry-test-harness/starry-test-harness/.cache/StarryOS/local_crates/axdriver_crates'...
Cloning into '/home/runner/work/starry-test-harness/starry-test-harness/.cache/StarryOS/local_crates/axplat-aarch64-crosvm-virt'...
Cloning into '/home/runner/work/starry-test-harness/starry-test-harness/.cache/StarryOS/local_crates/axplat_crates'...
Cloning into '/home/runner/work/starry-test-harness/starry-test-harness/.cache/StarryOS/local_crates/fdtree-rs'...
Submodule path 'arceos': checked out 'eb7a020b7d9e2c506998c6dd8f1325df3e2bdc6d'
Submodule path 'local_crates/arm-gic': checked out '35bfb52d71f8e73344178c0537b918b8660b2305'
Submodule path 'local_crates/axdriver_crates': checked out '43feffe8b054984471544d423811e686179ec3ad'
Submodule path 'local_crates/axplat-aarch64-crosvm-virt': checked out '3b9ef2651d840ab2ea4e57d16881c16d6aa8e3a8'
Submodule path 'local_crates/axplat_crates': checked out '3000f4d52024a303261ccd1adef379684e2a9535'
Submodule path 'local_crates/fdtree-rs': checked out 'd69bcb0e04176a1c9863cb0f8951b755e45f4a4a'
Already on 'main'
Your branch is up to date with 'origin/main'.
Synchronizing submodule url for 'arceos'
Synchronizing submodule url for 'local_crates/arm-gic'
Synchronizing submodule url for 'local_crates/axdriver_crates'
Synchronizing submodule url for 'local_crates/axplat-aarch64-crosvm-virt'
Synchronizing submodule url for 'local_crates/axplat_crates'
Synchronizing submodule url for 'local_crates/fdtree-rs'
[build:starry] StarryOS commit: 210fa36a628813e06d5419709e1b42ea371e9e25
[build:starry] Rust toolchain will follow /home/runner/work/starry-test-harness/starry-test-harness/.cache/StarryOS/rust-toolchain.toml (auto-managed by rustup)
[build:starry] Active toolchain: nightly-2025-12-12-x86_64-unknown-linux-gnu (overridden by environment variable RUSTUP_TOOLCHAIN)
[build:starry] Building StarryOS (ARCH=aarch64)
make[1]: Entering directory '/home/runner/work/starry-test-harness/starry-test-harness/.cache/StarryOS'
make[2]: Entering directory '/home/runner/work/starry-test-harness/starry-test-harness/.cache/StarryOS/arceos'
Installing cargo-axplat...
    Updating crates.io index
 Downloading crates ...
  Downloaded cargo-axplat v0.2.4
  Installing cargo-axplat v0.2.4
    Updating crates.io index
     Locking 85 packages to latest compatible versions
      Adding cargo_metadata v0.22.0 (available: v0.23.1)
      Adding clap-cargo v0.16.0 (available: v0.18.3)
      Adding toml_edit v0.23.10+spec-1.0.0 (available: v0.24.0+spec-1.1.0)
 Downloading crates ...
  Downloaded displaydoc v0.2.5
  Downloaded clap-cargo v0.16.0
  Downloaded cargo-platform v0.3.2
  Downloaded anstyle-query v1.1.5
  Downloaded form_urlencoded v1.2.2
  Downloaded erased-serde v0.4.9
  Downloaded stable_deref_trait v1.2.1
  Downloaded cargo_metadata v0.22.0
  Downloaded writeable v0.6.2
  Downloaded camino v1.2.2
  Downloaded cargo-util-schemas v0.8.2
  Downloaded typeid v1.0.3
  Downloaded ordered-float v2.10.1
  Downloaded percent-encoding v2.3.2
  Downloaded zerofrom-derive v0.1.6
  Downloaded zerofrom v0.1.6
  Downloaded serde-value v0.7.0
  Downloaded idna_adapter v1.2.1
  Downloaded yoke-derive v0.8.1
  Downloaded utf8_iter v1.0.4
  Downloaded thiserror v2.0.17
  Downloaded zerovec-derive v0.11.2
  Downloaded zmij v1.0.3
  Downloaded unicode-xid v0.2.6
  Downloaded zerotrie v0.2.3
  Downloaded url v2.5.7
  Downloaded indexmap v2.12.1
  Downloaded icu_normalizer v2.1.1
  Downloaded zerovec v0.11.5
  Downloaded winnow v0.7.14
  Downloaded icu_properties_data v2.1.2
  Downloaded idna v1.1.0
  Downloaded clap_builder v4.5.53
  Downloaded serde_json v1.0.148
  Downloaded hashbrown v0.16.1
  Downloaded icu_collections v2.1.1
  Downloaded toml_edit v0.23.10+spec-1.0.0
  Downloaded syn v2.0.111
  Downloaded icu_properties v2.1.2
  Downloaded icu_normalizer_data v2.1.1
  Downloaded proc-macro2 v1.0.104
  Downloaded clap v4.5.53
  Downloaded yoke v0.8.1
  Downloaded tinystr v0.8.2
  Downloaded smallvec v1.15.1
  Downloaded serde-untagged v0.1.9
  Downloaded semver v1.0.27
  Downloaded litemap v0.8.1
  Downloaded icu_locale_core v2.1.1
  Downloaded toml_writer v1.0.6+spec-1.1.0
  Downloaded toml_parser v1.0.6+spec-1.1.0
  Downloaded toml_datetime v0.7.5+spec-1.1.0
  Downloaded thiserror-impl v2.0.17
  Downloaded synstructure v0.13.2
  Downloaded potential_utf v0.1.4
  Downloaded itoa v1.0.17
  Downloaded icu_provider v2.1.1
   Compiling proc-macro2 v1.0.104
   Compiling unicode-ident v1.0.22
   Compiling quote v1.0.42
   Compiling serde_core v1.0.228
   Compiling stable_deref_trait v1.2.1
   Compiling serde v1.0.228
   Compiling litemap v0.8.1
   Compiling writeable v0.6.2
   Compiling icu_normalizer_data v2.1.1
   Compiling icu_properties_data v2.1.2
   Compiling autocfg v1.5.0
   Compiling syn v2.0.111
   Compiling num-traits v0.2.19
   Compiling smallvec v1.15.1
   Compiling hashbrown v0.16.1
   Compiling typeid v1.0.3
   Compiling equivalent v1.0.2
   Compiling winnow v0.7.14
   Compiling indexmap v2.12.1
   Compiling utf8parse v0.2.2
   Compiling erased-serde v0.4.9
   Compiling anstyle-parse v0.2.7
   Compiling utf8_iter v1.0.4
   Compiling anstyle v1.0.13
   Compiling zmij v1.0.3
   Compiling thiserror v2.0.17
   Compiling percent-encoding v2.3.2
   Compiling toml_write v0.1.2
   Compiling colorchoice v1.0.4
   Compiling anstyle-query v1.1.5
   Compiling is_terminal_polyfill v1.70.2
   Compiling anstream v0.6.21
   Compiling form_urlencoded v1.2.2
   Compiling ordered-float v2.10.1
   Compiling serde_json v1.0.148
   Compiling camino v1.2.2
   Compiling synstructure v0.13.2
   Compiling heck v0.5.0
   Compiling clap_lex v0.7.6
   Compiling strsim v0.11.1
   Compiling serde-untagged v0.1.9
   Compiling clap_builder v4.5.53
   Compiling semver v1.0.27
   Compiling memchr v2.7.6
   Compiling unicode-xid v0.2.6
   Compiling itoa v1.0.17
   Compiling zerofrom-derive v0.1.6
   Compiling yoke-derive v0.8.1
   Compiling zerovec-derive v0.11.2
   Compiling displaydoc v0.2.5
   Compiling zerofrom v0.1.6
   Compiling yoke v0.8.1
   Compiling serde_derive v1.0.228
   Compiling zerotrie v0.2.3
   Compiling zerovec v0.11.5
   Compiling thiserror-impl v2.0.17
   Compiling tinystr v0.8.2
   Compiling icu_locale_core v2.1.1
   Compiling potential_utf v0.1.4
   Compiling icu_collections v2.1.1
   Compiling icu_provider v2.1.1
   Compiling icu_properties v2.1.2
   Compiling icu_normalizer v2.1.1
   Compiling idna_adapter v1.2.1
   Compiling serde_spanned v0.6.9
   Compiling toml_datetime v0.6.11
   Compiling toml_edit v0.22.27
   Compiling idna v1.1.0
   Compiling serde-value v0.7.0
   Compiling url v2.5.7
   Compiling toml v0.8.23
   Compiling clap_derive v4.5.49
   Compiling clap v4.5.53
   Compiling cargo-util-schemas v0.8.2
   Compiling toml_parser v1.0.6+spec-1.1.0
   Compiling cargo-platform v0.3.2
   Compiling toml_writer v1.0.6+spec-1.1.0
   Compiling toml_datetime v0.7.5+spec-1.1.0
   Compiling cargo-axplat v0.2.4
   Compiling toml_edit v0.23.10+spec-1.0.0
   Compiling cargo_metadata v0.22.0
   Compiling clap-cargo v0.16.0
    Finished `release` profile [optimized] target(s) in 25.58s
  Installing /home/runner/.cargo/bin/cargo-axplat
   Installed package `cargo-axplat v0.2.4` (executable `cargo-axplat`)
Installing axconfig-gen...
    Updating crates.io index
 Downloading crates ...
  Downloaded axconfig-gen v0.2.0
  Installing axconfig-gen v0.2.0
    Updating crates.io index
     Locking 29 packages to latest compatible versions
      Adding toml_edit v0.22.27 (available: v0.24.0+spec-1.1.0)
   Compiling proc-macro2 v1.0.104
   Compiling quote v1.0.42
   Compiling unicode-ident v1.0.22
   Compiling utf8parse v0.2.2
   Compiling anstyle-parse v0.2.7
   Compiling is_terminal_polyfill v1.70.2
   Compiling anstyle-query v1.1.5
   Compiling colorchoice v1.0.4
   Compiling anstyle v1.0.13
   Compiling strsim v0.11.1
   Compiling equivalent v1.0.2
   Compiling hashbrown v0.16.1
   Compiling anstream v0.6.21
   Compiling clap_lex v0.7.6
   Compiling syn v2.0.111
   Compiling heck v0.5.0
   Compiling clap_builder v4.5.53
   Compiling indexmap v2.12.1
   Compiling toml_write v0.1.2
   Compiling toml_datetime v0.6.11
   Compiling winnow v0.7.14
   Compiling toml_edit v0.22.27
   Compiling clap_derive v4.5.49
   Compiling clap v4.5.53
   Compiling axconfig-gen v0.2.0
    Finished `release` profile [optimized] target(s) in 10.98s
  Installing /home/runner/.cargo/bin/axconfig-gen
   Installed package `axconfig-gen v0.2.0` (executable `axconfig-gen`)
Installing cargo-binutils...
    Updating crates.io index
 Downloading crates ...
  Downloaded cargo-binutils v0.4.0
  Installing cargo-binutils v0.4.0
    Updating crates.io index
     Locking 65 packages to latest compatible versions
      Adding cargo_metadata v0.18.1 (available: v0.23.1)
      Adding toml v0.8.23 (available: v0.9.10+spec-1.1.0)
 Downloading crates ...
  Downloaded terminal_size v0.4.3
  Downloaded errno v0.3.14
  Downloaded bitflags v2.10.0
  Downloaded cargo-platform v0.1.9
  Downloaded rustc-cfg v0.5.0
  Downloaded rustc_version v0.4.1
  Downloaded thiserror v1.0.69
  Downloaded thiserror-impl v1.0.69
  Downloaded rustc-demangle v0.1.26
  Downloaded cargo_metadata v0.18.1
  Downloaded rustix v1.1.3
  Downloaded libc v0.2.178
  Downloaded linux-raw-sys v0.11.0
   Compiling proc-macro2 v1.0.104
   Compiling quote v1.0.42
   Compiling unicode-ident v1.0.22
   Compiling serde_core v1.0.228
   Compiling serde v1.0.228
   Compiling rustix v1.1.3
   Compiling memchr v2.7.6
   Compiling utf8parse v0.2.2
   Compiling bitflags v2.10.0
   Compiling thiserror v1.0.69
   Compiling syn v2.0.111
   Compiling linux-raw-sys v0.11.0
   Compiling zmij v1.0.3
   Compiling anstyle-parse v0.2.7
   Compiling serde_json v1.0.148
   Compiling equivalent v1.0.2
   Compiling anstyle v1.0.13
   Compiling hashbrown v0.16.1
   Compiling camino v1.2.2
   Compiling colorchoice v1.0.4
   Compiling anstyle-query v1.1.5
   Compiling is_terminal_polyfill v1.70.2
   Compiling indexmap v2.12.1
   Compiling semver v1.0.27
   Compiling anstream v0.6.21
   Compiling serde_derive v1.0.228
   Compiling thiserror-impl v1.0.69
   Compiling terminal_size v0.4.3
   Compiling aho-corasick v1.1.4
   Compiling anyhow v1.0.100
   Compiling strsim v0.11.1
   Compiling toml_write v0.1.2
   Compiling regex-syntax v0.8.8
   Compiling winnow v0.7.14
   Compiling toml_datetime v0.6.11
   Compiling serde_spanned v0.6.9
   Compiling itoa v1.0.17
   Compiling clap_lex v0.7.6
   Compiling clap_builder v4.5.53
   Compiling toml_edit v0.22.27
   Compiling cargo-platform v0.1.9
   Compiling regex-automata v0.4.13
   Compiling regex v1.12.2
   Compiling cargo_metadata v0.18.1
   Compiling toml v0.8.23
   Compiling clap v4.5.53
   Compiling rustc-cfg v0.5.0
   Compiling rustc_version v0.4.1
   Compiling rustc-demangle v0.1.26
   Compiling cargo-binutils v0.4.0
    Finished `release` profile [optimized] target(s) in 26.18s
  Installing /home/runner/.cargo/bin/cargo-cov
  Installing /home/runner/.cargo/bin/cargo-nm
  Installing /home/runner/.cargo/bin/cargo-objcopy
  Installing /home/runner/.cargo/bin/cargo-objdump
  Installing /home/runner/.cargo/bin/cargo-profdata
  Installing /home/runner/.cargo/bin/cargo-readobj
  Installing /home/runner/.cargo/bin/cargo-size
  Installing /home/runner/.cargo/bin/cargo-strip
  Installing /home/runner/.cargo/bin/rust-ar
  Installing /home/runner/.cargo/bin/rust-as
  Installing /home/runner/.cargo/bin/rust-cov
  Installing /home/runner/.cargo/bin/rust-ld
  Installing /home/runner/.cargo/bin/rust-lld
  Installing /home/runner/.cargo/bin/rust-nm
  Installing /home/runner/.cargo/bin/rust-objcopy
  Installing /home/runner/.cargo/bin/rust-objdump
  Installing /home/runner/.cargo/bin/rust-profdata
  Installing /home/runner/.cargo/bin/rust-readobj
  Installing /home/runner/.cargo/bin/rust-size
  Installing /home/runner/.cargo/bin/rust-strip
   Installed package `cargo-binutils v0.4.0` (executables `cargo-cov`, `cargo-nm`, `cargo-objcopy`, `cargo-objdump`, `cargo-profdata`, `cargo-readobj`, `cargo-size`, `cargo-strip`, `rust-ar`, `rust-as`, `rust-cov`, `rust-ld`, `rust-lld`, `rust-nm`, `rust-objcopy`, `rust-objdump`, `rust-profdata`, `rust-readobj`, `rust-size`, `rust-strip`)
warning: patch for the non root package will be ignored, specify patch at the workspace root:
package:   /home/runner/work/starry-test-harness/starry-test-harness/.cache/StarryOS/local_crates/axplat-aarch64-crosvm-virt/Cargo.toml
workspace: /home/runner/work/starry-test-harness/starry-test-harness/.cache/StarryOS/Cargo.toml
    Updating git repository `https://github.com/kylin-x-kernel/arm-gic.git`
    Updating git repository `https://github.com/kylin-x-kernel/axplat_crates.git`
    Updating git repository `https://github.com/arceos-org/percpu`
    Updating crates.io index
    Updating git repository `https://github.com/Starry-OS/starry-signal.git`
    Updating git repository `https://github.com/Starry-OS/syscalls.git`
    Updating git repository `https://github.com/arceos-org/axcpu.git`
    Updating git repository `https://github.com/Starry-OS/kernel_elf_parser.git`
    Updating git repository `https://github.com/Starry-OS/axplat-riscv64-visionfive2.git`
    Updating git repository `https://github.com/arceos-org/allocator.git`
    Updating git repository `https://github.com/kylin-x-kernel/axdriver_crates.git`
    Updating git repository `https://github.com/Starry-OS/smoltcp.git`
    Updating git repository `https://github.com/arceos-org/page_table_multiarch.git`
    Updating git repository `https://github.com/arceos-org/axplat_crates.git`
    Updating git repository `https://github.com/arceos-org/riscv_plic.git`
    Updating git repository `https://github.com/Starry-OS/lwext4_rust.git`
    Updating git submodule `https://github.com/Starry-OS/lwext4.git`
    Updating git repository `https://github.com/arceos-org/slab_allocator.git`
    Updating git repository `https://github.com/Starry-OS/simple-sdmmc.git`
 Downloading crates ...
  Downloaded once_cell_polyfill v1.70.2
  Downloaded arm_pl031 v0.2.1
  Downloaded arm_pl011 v0.1.0
  Downloaded aliasable v0.1.3
  Downloaded anstyle-wincon v3.0.11
  Downloaded crate_interface v0.1.4
  Downloaded multiboot v0.8.0
  Downloaded darling_macro v0.13.4
  Downloaded defmt-parser v1.0.0
  Downloaded cpumask v0.1.0
  Downloaded arrayvec v0.7.6
  Downloaded ctor_bare_macros v0.2.1
  Downloaded defmt v0.3.100
  Downloaded memory_set v0.4.1
  Downloaded memory_addr v0.4.1
  Downloaded either v1.15.0
  Downloaded num_enum_derive v0.7.5
  Downloaded once_cell v1.21.3
  Downloaded async-channel v2.5.0
  Downloaded crossbeam-utils v0.8.21
  Downloaded volatile-macro v0.6.0
  Downloaded minimal-lexical v0.2.1
  Downloaded indoc v2.0.7
  Downloaded uluru v3.1.0
  Downloaded xmas-elf v0.9.1
  Downloaded page_table_multiarch v0.5.7
  Downloaded bitfield-struct v0.11.0
  Downloaded weak-map v0.1.2
  Downloaded zero v0.1.3
  Downloaded x2apic v0.5.0
  Downloaded zerocopy-derive v0.7.35
  Downloaded tock-registers v0.10.1
  Downloaded rlsf v0.2.1
  Downloaded zerocopy-derive v0.8.31
  Downloaded raw-cpuid v10.7.0
  Downloaded virtio-drivers v0.7.5
  Downloaded zerocopy v0.8.31
  Downloaded futures-util v0.3.31
  Downloaded yansi v1.0.1
  Downloaded syn v1.0.109
  Downloaded x86_64 v0.15.4
  Downloaded unicode-segmentation v1.12.0
  Downloaded zerocopy v0.7.35
  Downloaded bindgen v0.72.1
  Downloaded hashbrown v0.15.5
  Downloaded portable-atomic v1.12.0
  Downloaded raw-cpuid v11.6.0
  Downloaded rand v0.9.2
  Downloaded cpp_demangle v0.4.5
  Downloaded portable-atomic-util v0.2.4
  Downloaded unicode-width v0.1.14
  Downloaded gimli v0.32.3
  Downloaded rustversion v1.0.22
  Downloaded ringbuf v0.4.8
  Downloaded rand_core v0.6.4
  Downloaded prettyplease v0.2.37
  Downloaded paste v1.0.15
  Downloaded volatile v0.6.1
  Downloaded tock-registers v0.9.0
  Downloaded tock-registers v0.8.1
  Downloaded strum_macros v0.27.2
  Downloaded spin v0.10.0
  Downloaded spin v0.9.8
  Downloaded slab v0.4.11
  Downloaded riscv v0.14.0
  Downloaded rand_core v0.9.3
  Downloaded derive_more-impl v2.1.1
  Downloaded volatile v0.4.6
  Downloaded static_assertions v1.1.0
  Downloaded proc-macro-error2 v2.0.1
  Downloaded itertools v0.13.0
  Downloaded heapless v0.9.2
  Downloaded const-str v0.6.4
  Downloaded base64 v0.13.1
  Downloaded x86_rtc v0.1.1
  Downloaded strum v0.27.2
  Downloaded sbi-rt v0.0.3
  Downloaded rustc-hash v2.1.1
  Downloaded riscv_goldfish v0.1.1
  Downloaded riscv-pac v0.2.0
  Downloaded proc-macro2-diagnostics v0.10.1
  Downloaded page_table_entry v0.5.7
  Downloaded heapless v0.8.0
  Downloaded critical-section v1.2.0
  Downloaded bytemuck v1.24.0
  Downloaded bitflags v1.3.2
  Downloaded axio v0.3.0-pre.1
  Downloaded riscv-macros v0.2.0
  Downloaded pin-utils v0.1.0
  Downloaded loongArch64 v0.2.5
  Downloaded log v0.4.29
  Downloaded lock_api v0.4.14
  Downloaded intrusive-collections v0.9.7
  Downloaded glob v0.3.3
  Downloaded derive_more v2.1.1
  Downloaded clang-sys v1.8.1
  Downloaded bytemuck_derive v1.10.2
  Downloaded async-trait v0.1.89
  Downloaded lru v0.16.2
  Downloaded linkme v0.3.35
  Downloaded kernel_guard v0.1.3
  Downloaded inherit-methods-macro v0.1.0
  Downloaded fdt-parser v0.4.18
  Downloaded event-listener v5.4.1
  Downloaded embedded-hal v1.0.0
  Downloaded convert_case v0.10.0
  Downloaded concurrent-queue v2.5.0
  Downloaded axsched v0.3.1
  Downloaded axconfig-macros v0.2.0
  Downloaded windows-link v0.2.1
  Downloaded version_check v0.9.5
  Downloaded uart_16550 v0.4.0
  Downloaded shlex v1.3.0
  Downloaded scope-local v0.1.1
  Downloaded pin-project-lite v0.2.16
  Downloaded ouroboros_macro v0.18.5
  Downloaded ouroboros v0.18.5
  Downloaded memoffset v0.9.1
  Downloaded managed v0.8.0
  Downloaded linkme-impl v0.3.35
  Downloaded libloading v0.8.9
  Downloaded int_ratio v0.1.2
  Downloaded futures-macro v0.3.31
  Downloaded enum_dispatch v0.3.13
  Downloaded buddy_system_allocator v0.10.0
  Downloaded bitmap-allocator v0.2.1
  Downloaded x86 v0.52.0
  Downloaded bit v0.1.1
  Downloaded axpoll v0.1.0
  Downloaded axfs-ng-vfs v0.1.0
  Downloaded svgbobdoc v0.3.0
  Downloaded scopeguard v1.2.0
  Downloaded sbi-spec v0.0.7
  Downloaded ppv-lite86 v0.2.21
  Downloaded futures-core v0.3.31
  Downloaded axerrno v0.2.2
  Downloaded allocator-api2 v0.2.21
  Downloaded ident_case v1.0.1
  Downloaded heck v0.4.1
  Downloaded futures-task v0.3.31
  Downloaded foldhash v0.2.0
  Downloaded foldhash v0.1.5
  Downloaded enumn v0.1.14
  Downloaded downcast-rs v2.0.2
  Downloaded darling_core v0.13.4
  Downloaded const_fn v0.4.11
  Downloaded bitmaps v3.2.1
  Downloaded bit_field v0.10.3
  Downloaded lazyinit v0.2.2
  Downloaded hash32 v0.3.1
  Downloaded handler_table v0.1.2
  Downloaded cfg-if v1.0.4
  Downloaded axerrno v0.1.2
  Downloaded axbacktrace v0.1.1
  Downloaded strsim v0.10.0
  Downloaded starry-vm v0.2.0
  Downloaded starry-process v0.2.0
  Downloaded windows-sys v0.61.2
  Downloaded riscv_plic v0.2.0
  Downloaded rand_chacha v0.3.1
  Downloaded proc-macro-error-attr2 v2.0.0
  Downloaded nom v7.1.3
  Downloaded linked_list_r4l v0.3.0
  Downloaded kspin v0.1.1
  Downloaded fnv v1.0.7
  Downloaded flatten_objects v0.2.4
  Downloaded extern-trait v0.2.0
  Downloaded defmt-macros v1.0.1
  Downloaded const-default v1.0.0
  Downloaded byteorder v1.5.0
  Downloaded aarch64-cpu v10.0.0
  Downloaded event-listener-strategy v0.5.4
  Downloaded dw_apb_uart v0.1.0
  Downloaded defmt v1.0.1
  Downloaded cexpr v0.6.0
  Downloaded num_enum v0.7.5
  Downloaded darling v0.13.4
  Downloaded addr2line v0.25.1
  Downloaded ctor_bare v0.2.1
  Downloaded arm-gic-driver v0.15.9
[37maxconfig-gen[0m [90mconfigs/defconfig.toml /home/runner/.cargo/git/checkouts/axplat_crates-17ca098f05719b9f/3000f4d/platforms/axplat-aarch64-qemu-virt/axconfig.toml  -w arch=aarch64 -w platform=aarch64-qemu-virt -o "/home/runner/work/starry-test-harness/starry-test-harness/.cache/StarryOS/.axconfig.toml" -w plat.phys-memory-size=1073741824[0m
make[2]: Leaving directory '/home/runner/work/starry-test-harness/starry-test-harness/.cache/StarryOS/arceos'
make[2]: Entering directory '/home/runner/work/starry-test-harness/starry-test-harness/.cache/StarryOS/arceos'
warning: patch for the non root package will be ignored, specify patch at the workspace root:
package:   /home/runner/work/starry-test-harness/starry-test-harness/.cache/StarryOS/local_crates/axplat-aarch64-crosvm-virt/Cargo.toml
workspace: /home/runner/work/starry-test-harness/starry-test-harness/.cache/StarryOS/Cargo.toml
[37maxconfig-gen[0m [90mconfigs/defconfig.toml /home/runner/.cargo/git/checkouts/axplat_crates-17ca098f05719b9f/3000f4d/platforms/axplat-aarch64-qemu-virt/axconfig.toml  -w arch=aarch64 -w platform=aarch64-qemu-virt -o "/home/runner/work/starry-test-harness/starry-test-harness/.cache/StarryOS/.axconfig.toml" -w plat.phys-memory-size=1073741824 -c "/home/runner/work/starry-test-harness/starry-test-harness/.cache/StarryOS/.axconfig.toml"[0m
    [92;1mBuilding[0m App: StarryOS, Arch: aarch64, Platform: aarch64-qemu-virt, App type: rust
[37mcargo -C /home/runner/work/starry-test-harness/starry-test-harness/.cache/StarryOS build[0m [90m-Z unstable-options --target aarch64-unknown-none-softfloat --target-dir /home/runner/work/starry-test-harness/starry-test-harness/.cache/StarryOS/target --release  --features "axfeat/defplat axfeat/dwarf axfeat/smp qemu"[0m
warning: patch for the non root package will be ignored, specify patch at the workspace root:
package:   /home/runner/work/starry-test-harness/starry-test-harness/.cache/StarryOS/local_crates/axplat-aarch64-crosvm-virt/Cargo.toml
workspace: /home/runner/work/starry-test-harness/starry-test-harness/.cache/StarryOS/Cargo.toml
   Compiling proc-macro2 v1.0.103
   Compiling unicode-ident v1.0.22
   Compiling quote v1.0.42
   Compiling log v0.4.29
   Compiling heck v0.5.0
   Compiling cfg-if v1.0.4
   Compiling bitflags v2.10.0
   Compiling scopeguard v1.2.0
   Compiling autocfg v1.5.0
   Compiling lock_api v0.4.14
   Compiling syn v1.0.109
   Compiling axerrno v0.2.2
   Compiling utf8parse v0.2.2
   Compiling stable_deref_trait v1.2.1
   Compiling anstyle-parse v0.2.7
   Compiling is_terminal_polyfill v1.70.2
   Compiling syn v2.0.111
   Compiling colorchoice v1.0.4
   Compiling anstyle-query v1.1.5
   Compiling anstyle v1.0.13
   Compiling equivalent v1.0.2
   Compiling hashbrown v0.16.1
   Compiling anstream v0.6.21
   Compiling clap_lex v0.7.6
   Compiling byteorder v1.5.0
   Compiling memory_addr v0.4.1
   Compiling strsim v0.11.1
   Compiling indexmap v2.12.1
   Compiling clap_builder v4.5.53
   Compiling spin v0.10.0
   Compiling tock-registers v0.9.0
   Compiling paste v1.0.15
   Compiling cpp_demangle v0.4.5
   Compiling toml_write v0.1.2
   Compiling winnow v0.7.14
   Compiling toml_datetime v0.6.11
   Compiling aarch64-cpu v10.0.0
   Compiling toml_edit v0.22.27
   Compiling linkme-impl v0.3.35
   Compiling strum_macros v0.27.2
   Compiling crate_interface v0.1.4
   Compiling kernel_guard v0.1.3
   Compiling clap_derive v4.5.49
   Compiling kspin v0.1.1
   Compiling gimli v0.32.3
   Compiling strum v0.27.2
   Compiling clap v4.5.53
   Compiling axconfig-gen v0.2.0
   Compiling num-traits v0.2.19
   Compiling rustversion v1.0.22
   Compiling linkme v0.3.35
   Compiling axconfig v0.2.0 (/home/runner/work/starry-test-harness/starry-test-harness/.cache/StarryOS/arceos/modules/axconfig)
   Compiling crossbeam-utils v0.8.21
   Compiling rustc-demangle v0.1.26
   Compiling percpu v0.2.0 (https://github.com/arceos-org/percpu?rev=89c8a54#89c8a54c)
   Compiling axconfig-macros v0.2.0
   Compiling page_table_entry v0.5.7
   Compiling percpu_macros v0.2.0 (https://github.com/arceos-org/percpu?rev=89c8a54#89c8a54c)
   Compiling static_assertions v1.1.0
   Compiling addr2line v0.25.1
   Compiling axbacktrace v0.1.1
   Compiling axerrno v0.1.2
   Compiling hash32 v0.3.1
   Compiling once_cell v1.21.3
   Compiling base64 v0.13.1
   Compiling unicode-width v0.1.14
   Compiling svgbobdoc v0.3.0
   Compiling enum_dispatch v0.3.13
   Compiling axcpu v0.3.0 (https://github.com/arceos-org/axcpu.git?tag=dev-v03#72ef3859)
   Compiling chrono v0.4.42
   Compiling axplat-macros v0.1.0 (https://github.com/kylin-x-kernel/axplat_crates.git?branch=dev#3000f4d5)
   Compiling bit_field v0.10.3
   Compiling const-str v0.6.4
   Compiling const-default v1.0.0
   Compiling handler_table v0.1.2
   Compiling buddy_system_allocator v0.10.0
   Compiling pin-project-lite v0.2.16
   Compiling lazyinit v0.2.2
   Compiling tock-registers v0.8.1
   Compiling heapless v0.9.2
   Compiling axdriver_base v0.1.2 (https://github.com/kylin-x-kernel/axdriver_crates.git?branch=dev#43feffe8)
   Compiling arm_pl011 v0.1.0
   Compiling arm_pl031 v0.2.1
   Compiling axplat v0.3.0 (https://github.com/kylin-x-kernel/axplat_crates.git?branch=dev#3000f4d5)
   Compiling slab_allocator v0.3.1 (https://github.com/arceos-org/slab_allocator.git?tag=v0.3.1#3c13499d)
   Compiling rlsf v0.2.1
   Compiling bitmap-allocator v0.2.1
   Compiling arm-gic-driver v0.15.9
   Compiling concurrent-queue v2.5.0
   Compiling uart_16550 v0.4.0
   Compiling glob v0.3.3
   Compiling axplat-aarch64-qemu-virt v0.3.0 (https://github.com/kylin-x-kernel/axplat_crates.git?branch=dev#3000f4d5)
   Compiling arrayvec v0.7.6
   Compiling int_ratio v0.1.2
   Compiling clang-sys v1.8.1
   Compiling event-listener v5.4.1
   Compiling axhal v0.2.0 (/home/runner/work/starry-test-harness/starry-test-harness/.cache/StarryOS/arceos/modules/axhal)
   Compiling allocator v0.1.2 (https://github.com/arceos-org/allocator.git?tag=v0.1.2#922e72a7)
   Compiling zerocopy-derive v0.7.35
   Compiling prettyplease v0.2.37
   Compiling axplat-aarch64-peripherals v0.3.0 (https://github.com/kylin-x-kernel/axplat_crates.git?branch=dev#3000f4d5)
   Compiling linux-raw-sys v0.11.0
   Compiling libc v0.2.178
   Compiling zerocopy v0.7.35
   Compiling axalloc v0.2.0 (/home/runner/work/starry-test-harness/starry-test-harness/.cache/StarryOS/arceos/modules/axalloc)
   Compiling page_table_multiarch v0.5.7 (https://github.com/arceos-org/page_table_multiarch.git?tag=dev-v05#4594a765)
   Compiling enumn v0.1.14
   Compiling extern-trait v0.2.0
   Compiling spin v0.9.8
   Compiling futures-core v0.3.31
   Compiling regex-syntax v0.8.8
   Compiling bitmaps v3.2.1
   Compiling memchr v2.7.6
   Compiling minimal-lexical v0.2.1
   Compiling fdt-parser v0.4.18
   Compiling nom v7.1.3
   Compiling libloading v0.8.9
   Compiling regex-automata v0.4.13
   Compiling virtio-drivers v0.7.5
   Compiling axpoll v0.1.0
   Compiling futures-macro v0.3.31
   Compiling ident_case v1.0.1
   Compiling linked_list_r4l v0.3.0
   Compiling strsim v0.10.0
   Compiling either v1.15.0
   Compiling futures-task v0.3.31
   Compiling pin-utils v0.1.0
   Compiling fnv v1.0.7
   Compiling bindgen v0.72.1
   Compiling futures-util v0.3.31
   Compiling darling_core v0.13.4
   Compiling itertools v0.13.0
   Compiling axsched v0.3.1
   Compiling regex v1.12.2
   Compiling cexpr v0.6.0
   Compiling cpumask v0.1.0
   Compiling axdriver_net v0.1.2 (https://github.com/kylin-x-kernel/axdriver_crates.git?branch=dev#43feffe8)
   Compiling axdriver_display v0.1.2 (https://github.com/kylin-x-kernel/axdriver_crates.git?branch=dev#43feffe8)
   Compiling axdriver_vsock v0.1.2 (https://github.com/kylin-x-kernel/axdriver_crates.git?branch=dev#43feffe8)
   Compiling axdriver_block v0.1.2 (https://github.com/kylin-x-kernel/axdriver_crates.git?branch=dev#43feffe8)
   Compiling axdriver_input v0.1.2 (https://github.com/kylin-x-kernel/axdriver_crates.git?branch=dev#43feffe8)
   Compiling shlex v1.3.0
   Compiling axdriver v0.2.0 (/home/runner/work/starry-test-harness/starry-test-harness/.cache/StarryOS/arceos/modules/axdriver)
   Compiling smallvec v1.15.1
   Compiling rustc-hash v2.1.1
   Compiling allocator-api2 v0.2.21
   Compiling axdriver_virtio v0.1.2 (https://github.com/kylin-x-kernel/axdriver_crates.git?branch=dev#43feffe8)
   Compiling axtask v0.2.0 (/home/runner/work/starry-test-harness/starry-test-harness/.cache/StarryOS/arceos/modules/axtask)
   Compiling darling_macro v0.13.4
   Compiling axdriver_pci v0.1.2 (https://github.com/kylin-x-kernel/axdriver_crates.git?branch=dev#43feffe8)
   Compiling memoffset v0.9.1
   Compiling darling v0.13.4
   Compiling axsync v0.2.0 (/home/runner/work/starry-test-harness/starry-test-harness/.cache/StarryOS/arceos/modules/axsync)
   Compiling axio v0.3.0-pre.1
   Compiling scope-local v0.1.1
   Compiling foldhash v0.2.0
   Compiling foldhash v0.1.5
   Compiling hashbrown v0.15.5
   Compiling inherit-methods-macro v0.1.0
   Compiling heapless v0.8.0
   Compiling lru v0.16.2
   Compiling axfs-ng-vfs v0.1.0
   Compiling intrusive-collections v0.9.7
   Compiling version_check v0.9.5
   Compiling slab v0.4.11
   Compiling smoltcp v0.12.0 (https://github.com/Starry-OS/smoltcp.git?rev=7401a54#7401a54b)
   Compiling proc-macro2-diagnostics v0.10.1
   Compiling event-listener-strategy v0.5.4
   Compiling managed v0.8.0
   Compiling bitflags v1.3.2
   Compiling unicode-segmentation v1.12.0
   Compiling convert_case v0.10.0
   Compiling async-channel v2.5.0
   Compiling lazy_static v1.5.0
   Compiling memory_set v0.4.1
   Compiling ringbuf v0.4.8
   Compiling async-trait v0.1.89
   Compiling ctor_bare_macros v0.2.1
   Compiling bytemuck_derive v1.10.2
   Compiling lwext4_rust v0.2.0 (https://github.com/Starry-OS/lwext4_rust.git?rev=033fa2c#033fa2cc)
   Compiling yansi v1.0.1
   Compiling unicode-xid v0.2.6
   Compiling zerocopy v0.8.31
   Compiling derive_more-impl v2.1.1
   Compiling bytemuck v1.24.0
   Compiling ctor_bare v0.2.1
   Compiling axdisplay v0.2.0 (/home/runner/work/starry-test-harness/starry-test-harness/.cache/StarryOS/arceos/modules/axdisplay)
   Compiling axinput v0.2.0 (/home/runner/work/starry-test-harness/starry-test-harness/.cache/StarryOS/arceos/modules/axinput)
   Compiling axlog v0.2.0 (/home/runner/work/starry-test-harness/starry-test-harness/.cache/StarryOS/arceos/modules/axlog)
   Compiling zerocopy-derive v0.8.31
   Compiling indoc v2.0.7
   Compiling zero v0.1.3
   Compiling starry-signal v0.2.3 (https://github.com/Starry-OS/starry-signal.git?tag=dev-v02#0597c169)
   Compiling heck v0.4.1
   Compiling ouroboros_macro v0.18.5
   Compiling derive_more v2.1.1
   Compiling xmas-elf v0.9.1
   Compiling starry-vm v0.2.0
   Compiling weak-map v0.1.2
   Compiling aliasable v0.1.3
   Compiling syscalls v0.7.0 (https://github.com/Starry-OS/syscalls.git?rev=efac241#efac241a)
   Compiling ouroboros v0.18.5
   Compiling starry-process v0.2.0
   Compiling uluru v3.1.0
   Compiling num_enum_derive v0.7.5
   Compiling kernel-elf-parser v0.3.3 (https://github.com/Starry-OS/kernel_elf_parser.git?rev=fdcce74#fdcce740)
   Compiling rand_core v0.9.3
   Compiling num_enum v0.7.5
   Compiling rand v0.9.2
   Compiling flatten_objects v0.2.4
   Compiling downcast-rs v2.0.2
   Compiling axfs v0.2.0 (/home/runner/work/starry-test-harness/starry-test-harness/.cache/StarryOS/arceos/modules/axfs)
   Compiling axnet v0.2.0 (/home/runner/work/starry-test-harness/starry-test-harness/.cache/StarryOS/arceos/modules/axnet)
   Compiling axmm v0.2.0 (/home/runner/work/starry-test-harness/starry-test-harness/.cache/StarryOS/arceos/modules/axmm)
   Compiling axruntime v0.2.0 (/home/runner/work/starry-test-harness/starry-test-harness/.cache/StarryOS/arceos/modules/axruntime)
   Compiling axfeat v0.2.0 (/home/runner/work/starry-test-harness/starry-test-harness/.cache/StarryOS/arceos/api/axfeat)
   Compiling starry-core v0.1.0 (/home/runner/work/starry-test-harness/starry-test-harness/.cache/StarryOS/core)
   Compiling starry-api v0.1.0 (/home/runner/work/starry-test-harness/starry-test-harness/.cache/StarryOS/api)
   Compiling starry v0.1.0 (/home/runner/work/starry-test-harness/starry-test-harness/.cache/StarryOS)
    Finished `release` profile [optimized] target(s) in 59.75s
warning: the following packages contain code that will be rejected by a future version of Rust: memchr v2.7.6
note: to see what the problems were, use the option `--future-incompat-report`, or run `cargo report future-incompatibilities --id 1`
[37m./scripts/make/dwarf.sh[0m [90m/home/runner/work/starry-test-harness/starry-test-harness/.cache/StarryOS/StarryOS_aarch64-qemu-virt.elf rust-objcopy --binary-architecture=aarch64[0m
[37mrust-objcopy --binary-architecture=aarch64[0m [90m/home/runner/work/starry-test-harness/starry-test-harness/.cache/StarryOS/StarryOS_aarch64-qemu-virt.elf --strip-all -O binary /home/runner/work/starry-test-harness/starry-test-harness/.cache/StarryOS/StarryOS_aarch64-qemu-virt.bin[0m
make[2]: Leaving directory '/home/runner/work/starry-test-harness/starry-test-harness/.cache/StarryOS/arceos'
make[1]: Leaving directory '/home/runner/work/starry-test-harness/starry-test-harness/.cache/StarryOS'
[build:starry] Ensuring rootfs template is available in /home/runner/work/starry-test-harness/starry-test-harness/.cache/rootfs
[build:starry] Downloading rootfs template rootfs-aarch64.img (version 20250917)
  % Total    % Received % Xferd  Average Speed   Time    Time     Time  Current
                                 Dload  Upload   Total   Spent    Left  Speed
  0     0    0     0    0     0      0      0 --:--:-- --:--:-- --:--:--     0  0     0    0     0    0     0      0      0 --:--:-- --:--:-- --:--:--     0
100 3273k  100 3273k    0     0  8980k      0 --:--:-- --:--:-- --:--:-- 8980k
[build:starry] Rootfs template ready: /home/runner/work/starry-test-harness/starry-test-harness/.cache/rootfs/rootfs-aarch64.img
[build:starry] Copying rootfs template to /home/runner/work/starry-test-harness/starry-test-harness/.cache/StarryOS/rootfs-aarch64.img
[build:starry] Copying build artifacts
[build:starry]   -> StarryOS_aarch64-qemu-virt.bin
[build:starry]   -> StarryOS_aarch64-qemu-virt.elf
[build:starry] StarryOS æ„å»ºå®Œæˆï¼Œäº§ç‰©ä½äº /home/runner/work/starry-test-harness/starry-test-harness/artifacts/daily
[case] starting concurrency-load-demo -> logs/daily/20251230-082509/cases/concurrency-load-demo.log
        Rust-based concurrency harness executed via orchestrator
[case] concurrency-load-demo finished in 13493 ms (exit Some(0))
[case] starting unixbench-dhry2reg-test -> logs/daily/20251230-082509/cases/unixbench-dhry2reg-test.log
        åœ¨ StarryOS ä¸­è¿è¡Œ UnixBench dhry2reg æµ‹è¯•
[case] unixbench-dhry2reg-test finished in 308458 ms (exit Some(0))
[case] starting unixbench-whetstone-double-test -> logs/daily/20251230-082509/cases/unixbench-whetstone-double-test.log
        åœ¨ StarryOS ä¸­è¿è¡Œ UnixBench whetstone-double æµ‹è¯•
[case] unixbench-whetstone-double-test finished in 157956 ms (exit Some(0))
