[case] concurrency-load-demo
[case] command: /home/runner/work/starry-test-harness/starry-test-harness/tests/daily/run_case.sh concurrency_load 8 2000
[case] timeout budget: 1800s
debugfs:  cd /usr/tests
debugfs:  rm concurrency_load
debugfs:  <inux-musl/release/concurrency_load concurrency_load
Allocated inode: 24580
debugfs:  quit
[daily] stored result -> /home/runner/work/starry-test-harness/starry-test-harness/logs/daily/20260214-164149/artifacts/concurrency-load-demo/result.json
[daily] installing Rust target aarch64-unknown-linux-musl
info: downloading component 'rust-std' for 'aarch64-unknown-linux-musl'
info: installing component 'rust-std' for 'aarch64-unknown-linux-musl'
[daily] building concurrency_load for aarch64-unknown-linux-musl
    Updating crates.io index
 Downloading crates ...
  Downloaded ryu v1.0.20
  Downloaded itoa v1.0.15
  Downloaded proc-macro2 v1.0.103
  Downloaded serde_json v1.0.145
  Downloaded syn v2.0.110
   Compiling proc-macro2 v1.0.103
   Compiling unicode-ident v1.0.22
   Compiling quote v1.0.42
   Compiling serde_core v1.0.228
   Compiling serde_json v1.0.145
   Compiling serde v1.0.228
   Compiling ryu v1.0.20
   Compiling itoa v1.0.15
   Compiling memchr v2.7.6
   Compiling syn v2.0.110
   Compiling serde_derive v1.0.228
   Compiling concurrency_load v0.1.0 (/home/runner/work/starry-test-harness/starry-test-harness/tests/daily/cases/concurrency_load)
    Finished `release` profile [optimized] target(s) in 5.03s
[daily] creating fresh disk image from template
debugfs 1.47.0 (5-Feb-2023)
rm: File not found by ext2_lookup while trying to resolve filename
[daily] deployed binary to /usr/tests/concurrency_load
[daily] running inside X-Kernel: /usr/tests/concurrency_load 8 2000
qemu-system-aarch64: -serial tcp::4444,server=on: info: QEMU waiting for connection on: disconnected:tcp:0.0.0.0:4444,server=on

                 ++
             *  ***
           *******
         *******++
      ********+===
    ******#*+======
   *******#***++===
   *********+**===
  ##*********##==                  ====+
%##****++==+****#                ***+=**
#****++=====++****##            ********
####*+=======+******===-     ***#*##****
 #%#******+**+==++**=======+*+*#%
 %#****+******=====+====+++==**
  #*********##***###********##%
   ***##%#%%%%*****#*###*****#%
   *#%%%#%%%%%****   %%*******#%
   #%%%%%%          %%%##***###%%
    **#%           %%%%#% **#**##
   ###%%         %%%%%   %%%***
 %%%%%%        %%%%%%%  %%%%#*
 %%%%%%                %%%%%%+=

arch = aarch64
platform = aarch64-qemu-virt
target = aarch64-unknown-none-softfloat
build_mode = release
log_level = warn
backtrace = true
smp = 4

Boot at 2026-02-14 16:42:29.004474480 UTC

[37m[  1.243456 knet:138] [33m  No vsock device found![m
[m[37m[  1.244430 fbdevice:26] [33m  No framebuffer device found![m
[mWelcome to [96m[1mKylin X[0m!
SHLVL=1
HOME=/root
PWD=/

Use [1m[3mapk[0m to install packages.

kylin-x:~# [6n/usr/tests/concurrency_load 8 2000; echo __EXIT:$?__
{"status":"pass","workers":8,"iterations":2000,"duration_ms":25,"total_sum":16048000,"max_worker_latency_ms":0}
__EXIT:0__
qemu-system-aarch64: terminating on signal 15 from pid 10622 (make)
